mode: set
github.com/shivanithemathlete/CRUD/database/firstDB.go:19.40,21.16 2 0
github.com/shivanithemathlete/CRUD/database/firstDB.go:26.2,26.11 1 0
github.com/shivanithemathlete/CRUD/database/firstDB.go:21.16,23.3 1 0
github.com/shivanithemathlete/CRUD/database/firstDB.go:23.8,25.3 1 0
github.com/shivanithemathlete/CRUD/database/firstDB.go:28.48,31.16 3 1
github.com/shivanithemathlete/CRUD/database/firstDB.go:34.2,34.12 1 1
github.com/shivanithemathlete/CRUD/database/firstDB.go:31.16,33.3 1 1
github.com/shivanithemathlete/CRUD/database/firstDB.go:37.45,40.16 3 1
github.com/shivanithemathlete/CRUD/database/firstDB.go:43.2,45.12 3 1
github.com/shivanithemathlete/CRUD/database/firstDB.go:40.16,42.3 1 1
github.com/shivanithemathlete/CRUD/database/firstDB.go:48.43,51.16 3 1
github.com/shivanithemathlete/CRUD/database/firstDB.go:54.2,56.12 3 1
github.com/shivanithemathlete/CRUD/database/firstDB.go:51.16,53.3 1 1
github.com/shivanithemathlete/CRUD/database/firstDB.go:58.53,61.16 3 1
github.com/shivanithemathlete/CRUD/database/firstDB.go:64.2,64.18 1 1
github.com/shivanithemathlete/CRUD/database/firstDB.go:61.16,63.3 1 1
